<?xml version="1.0" encoding="UTF-8"?>
<!-- Generated by org.testng.reporters.JUnitReportReporter -->
<testsuite skipped="0" hostname="DESKTOP-UEKB7G0" name="runner.RunTest" tests="2" failures="0" timestamp="19 Jul 2020 06:15:05 GMT" time="12.246" errors="0">
  <testcase name="runScenario" time="3.513" classname="runner.RunTest"/>
  <testcase name="runScenario" time="8.733" classname="runner.RunTest"/>
</testsuite> <!-- runner.RunTest -->
